running egg_info
writing ../../build/ur5e_velocity_description/ur5e_velocity_description.egg-info/PKG-INFO
writing dependency_links to ../../build/ur5e_velocity_description/ur5e_velocity_description.egg-info/dependency_links.txt
writing entry points to ../../build/ur5e_velocity_description/ur5e_velocity_description.egg-info/entry_points.txt
writing requirements to ../../build/ur5e_velocity_description/ur5e_velocity_description.egg-info/requires.txt
writing top-level names to ../../build/ur5e_velocity_description/ur5e_velocity_description.egg-info/top_level.txt
reading manifest file '../../build/ur5e_velocity_description/ur5e_velocity_description.egg-info/SOURCES.txt'
writing manifest file '../../build/ur5e_velocity_description/ur5e_velocity_description.egg-info/SOURCES.txt'
running build
running build_py
running install
running install_lib
running install_data
copying urdf/ur5e_velocity.urdf -> /home/kishore/ur5e_velocity_ws/install/ur5e_velocity_description/share/ur5e_velocity_description/urdf
creating /home/kishore/ur5e_velocity_ws/install/ur5e_velocity_description/share/ur5e_velocity_description/launch
copying launch/display.launch.py -> /home/kishore/ur5e_velocity_ws/install/ur5e_velocity_description/share/ur5e_velocity_description/launch
running install_egg_info
Copying ../../build/ur5e_velocity_description/ur5e_velocity_description.egg-info to /home/kishore/ur5e_velocity_ws/install/ur5e_velocity_description/lib/python3.10/site-packages/ur5e_velocity_description-0.0.0-py3.10.egg-info
running install_scripts
writing list of installed files to '/home/kishore/ur5e_velocity_ws/build/ur5e_velocity_description/install.log'
