running egg_info
creating ../../build/ur5e_velocity_publisher/ur5e_velocity_publisher.egg-info
writing ../../build/ur5e_velocity_publisher/ur5e_velocity_publisher.egg-info/PKG-INFO
writing dependency_links to ../../build/ur5e_velocity_publisher/ur5e_velocity_publisher.egg-info/dependency_links.txt
writing entry points to ../../build/ur5e_velocity_publisher/ur5e_velocity_publisher.egg-info/entry_points.txt
writing requirements to ../../build/ur5e_velocity_publisher/ur5e_velocity_publisher.egg-info/requires.txt
writing top-level names to ../../build/ur5e_velocity_publisher/ur5e_velocity_publisher.egg-info/top_level.txt
writing manifest file '../../build/ur5e_velocity_publisher/ur5e_velocity_publisher.egg-info/SOURCES.txt'
reading manifest file '../../build/ur5e_velocity_publisher/ur5e_velocity_publisher.egg-info/SOURCES.txt'
writing manifest file '../../build/ur5e_velocity_publisher/ur5e_velocity_publisher.egg-info/SOURCES.txt'
running build
running build_py
creating /home/kishore/ur5e_velocity_ws/build/ur5e_velocity_publisher/build
creating /home/kishore/ur5e_velocity_ws/build/ur5e_velocity_publisher/build/lib
creating /home/kishore/ur5e_velocity_ws/build/ur5e_velocity_publisher/build/lib/ur5e_velocity_publisher
copying ur5e_velocity_publisher/ur5e_velocity_publisher.py -> /home/kishore/ur5e_velocity_ws/build/ur5e_velocity_publisher/build/lib/ur5e_velocity_publisher
copying ur5e_velocity_publisher/__init__.py -> /home/kishore/ur5e_velocity_ws/build/ur5e_velocity_publisher/build/lib/ur5e_velocity_publisher
running install
running install_lib
creating /home/kishore/ur5e_velocity_ws/install/ur5e_velocity_publisher/lib/python3.10/site-packages/ur5e_velocity_publisher
copying /home/kishore/ur5e_velocity_ws/build/ur5e_velocity_publisher/build/lib/ur5e_velocity_publisher/ur5e_velocity_publisher.py -> /home/kishore/ur5e_velocity_ws/install/ur5e_velocity_publisher/lib/python3.10/site-packages/ur5e_velocity_publisher
copying /home/kishore/ur5e_velocity_ws/build/ur5e_velocity_publisher/build/lib/ur5e_velocity_publisher/__init__.py -> /home/kishore/ur5e_velocity_ws/install/ur5e_velocity_publisher/lib/python3.10/site-packages/ur5e_velocity_publisher
byte-compiling /home/kishore/ur5e_velocity_ws/install/ur5e_velocity_publisher/lib/python3.10/site-packages/ur5e_velocity_publisher/ur5e_velocity_publisher.py to ur5e_velocity_publisher.cpython-310.pyc
byte-compiling /home/kishore/ur5e_velocity_ws/install/ur5e_velocity_publisher/lib/python3.10/site-packages/ur5e_velocity_publisher/__init__.py to __init__.cpython-310.pyc
running install_data
creating /home/kishore/ur5e_velocity_ws/install/ur5e_velocity_publisher/share/ament_index
creating /home/kishore/ur5e_velocity_ws/install/ur5e_velocity_publisher/share/ament_index/resource_index
creating /home/kishore/ur5e_velocity_ws/install/ur5e_velocity_publisher/share/ament_index/resource_index/packages
copying resource/ur5e_velocity_publisher -> /home/kishore/ur5e_velocity_ws/install/ur5e_velocity_publisher/share/ament_index/resource_index/packages
copying package.xml -> /home/kishore/ur5e_velocity_ws/install/ur5e_velocity_publisher/share/ur5e_velocity_publisher
running install_egg_info
Copying ../../build/ur5e_velocity_publisher/ur5e_velocity_publisher.egg-info to /home/kishore/ur5e_velocity_ws/install/ur5e_velocity_publisher/lib/python3.10/site-packages/ur5e_velocity_publisher-0.0.0-py3.10.egg-info
running install_scripts
Installing play_velocities script to /home/kishore/ur5e_velocity_ws/install/ur5e_velocity_publisher/lib/ur5e_velocity_publisher
writing list of installed files to '/home/kishore/ur5e_velocity_ws/build/ur5e_velocity_publisher/install.log'
