[0.625s] Invoking command in '/home/kishore/ur5e_velocity_ws/src/ur5e_velocity_description': CONDA_PROMPT_MODIFIER=(base) PYTHONPATH=/home/kishore/ur5e_velocity_ws/build/ur5e_velocity_description/prefix_override:/home/kishore/.local/lib/python3.10/site-packages/colcon_core/task/python/colcon_distutils_commands:/home/kishore/ur5e_velocity_ws/install/ur5e_velocity_description/lib/python3.10/site-packages:${PYTHONPATH} /usr/bin/python3 -W ignore:setup.py install is deprecated setup.py egg_info --egg-base ../../build/ur5e_velocity_description build --build-base /home/kishore/ur5e_velocity_ws/build/ur5e_velocity_description/build install --record /home/kishore/ur5e_velocity_ws/build/ur5e_velocity_description/install.log --single-version-externally-managed install_data
[0.784s] running egg_info
[0.784s] writing ../../build/ur5e_velocity_description/ur5e_velocity_description.egg-info/PKG-INFO
[0.784s] writing dependency_links to ../../build/ur5e_velocity_description/ur5e_velocity_description.egg-info/dependency_links.txt
[0.784s] writing entry points to ../../build/ur5e_velocity_description/ur5e_velocity_description.egg-info/entry_points.txt
[0.784s] writing requirements to ../../build/ur5e_velocity_description/ur5e_velocity_description.egg-info/requires.txt
[0.784s] writing top-level names to ../../build/ur5e_velocity_description/ur5e_velocity_description.egg-info/top_level.txt
[0.786s] reading manifest file '../../build/ur5e_velocity_description/ur5e_velocity_description.egg-info/SOURCES.txt'
[0.786s] writing manifest file '../../build/ur5e_velocity_description/ur5e_velocity_description.egg-info/SOURCES.txt'
[0.787s] running build
[0.787s] running build_py
[0.787s] running install
[0.787s] running install_lib
[0.787s] running install_data
[0.787s] copying urdf/ur5e_velocity.urdf -> /home/kishore/ur5e_velocity_ws/install/ur5e_velocity_description/share/ur5e_velocity_description/urdf
[0.787s] running install_egg_info
[0.788s] removing '/home/kishore/ur5e_velocity_ws/install/ur5e_velocity_description/lib/python3.10/site-packages/ur5e_velocity_description-0.0.0-py3.10.egg-info' (and everything under it)
[0.789s] Copying ../../build/ur5e_velocity_description/ur5e_velocity_description.egg-info to /home/kishore/ur5e_velocity_ws/install/ur5e_velocity_description/lib/python3.10/site-packages/ur5e_velocity_description-0.0.0-py3.10.egg-info
[0.789s] running install_scripts
[0.800s] writing list of installed files to '/home/kishore/ur5e_velocity_ws/build/ur5e_velocity_description/install.log'
[0.816s] Invoked command in '/home/kishore/ur5e_velocity_ws/src/ur5e_velocity_description' returned '0': CONDA_PROMPT_MODIFIER=(base) PYTHONPATH=/home/kishore/ur5e_velocity_ws/build/ur5e_velocity_description/prefix_override:/home/kishore/.local/lib/python3.10/site-packages/colcon_core/task/python/colcon_distutils_commands:/home/kishore/ur5e_velocity_ws/install/ur5e_velocity_description/lib/python3.10/site-packages:${PYTHONPATH} /usr/bin/python3 -W ignore:setup.py install is deprecated setup.py egg_info --egg-base ../../build/ur5e_velocity_description build --build-base /home/kishore/ur5e_velocity_ws/build/ur5e_velocity_description/build install --record /home/kishore/ur5e_velocity_ws/build/ur5e_velocity_description/install.log --single-version-externally-managed install_data
