[0.434s] Invoking command in '/home/kishore/ur5e_velocity_ws/src/ur5e_velocity_publisher': CONDA_PROMPT_MODIFIER=(base) PYTHONPATH=/home/kishore/ur5e_velocity_ws/build/ur5e_velocity_publisher/prefix_override:/home/kishore/.local/lib/python3.10/site-packages/colcon_core/task/python/colcon_distutils_commands:/home/kishore/ur5e_velocity_ws/install/ur5e_velocity_publisher/lib/python3.10/site-packages:${PYTHONPATH} /usr/bin/python3 -W ignore:setup.py install is deprecated setup.py egg_info --egg-base ../../build/ur5e_velocity_publisher build --build-base /home/kishore/ur5e_velocity_ws/build/ur5e_velocity_publisher/build install --record /home/kishore/ur5e_velocity_ws/build/ur5e_velocity_publisher/install.log --single-version-externally-managed install_data
[0.597s] running egg_info
[0.598s] writing ../../build/ur5e_velocity_publisher/ur5e_velocity_publisher.egg-info/PKG-INFO
[0.598s] writing dependency_links to ../../build/ur5e_velocity_publisher/ur5e_velocity_publisher.egg-info/dependency_links.txt
[0.598s] writing entry points to ../../build/ur5e_velocity_publisher/ur5e_velocity_publisher.egg-info/entry_points.txt
[0.598s] writing requirements to ../../build/ur5e_velocity_publisher/ur5e_velocity_publisher.egg-info/requires.txt
[0.598s] writing top-level names to ../../build/ur5e_velocity_publisher/ur5e_velocity_publisher.egg-info/top_level.txt
[0.600s] reading manifest file '../../build/ur5e_velocity_publisher/ur5e_velocity_publisher.egg-info/SOURCES.txt'
[0.600s] writing manifest file '../../build/ur5e_velocity_publisher/ur5e_velocity_publisher.egg-info/SOURCES.txt'
[0.600s] running build
[0.600s] running build_py
[0.600s] copying ur5e_velocity_publisher/ur5e_velocity_publisher.py -> /home/kishore/ur5e_velocity_ws/build/ur5e_velocity_publisher/build/lib/ur5e_velocity_publisher
[0.601s] running install
[0.601s] running install_lib
[0.601s] copying /home/kishore/ur5e_velocity_ws/build/ur5e_velocity_publisher/build/lib/ur5e_velocity_publisher/ur5e_velocity_publisher.py -> /home/kishore/ur5e_velocity_ws/install/ur5e_velocity_publisher/lib/python3.10/site-packages/ur5e_velocity_publisher
[0.601s] byte-compiling /home/kishore/ur5e_velocity_ws/install/ur5e_velocity_publisher/lib/python3.10/site-packages/ur5e_velocity_publisher/ur5e_velocity_publisher.py to ur5e_velocity_publisher.cpython-310.pyc
[0.602s] running install_data
[0.602s] running install_egg_info
[0.603s] removing '/home/kishore/ur5e_velocity_ws/install/ur5e_velocity_publisher/lib/python3.10/site-packages/ur5e_velocity_publisher-0.0.0-py3.10.egg-info' (and everything under it)
[0.603s] Copying ../../build/ur5e_velocity_publisher/ur5e_velocity_publisher.egg-info to /home/kishore/ur5e_velocity_ws/install/ur5e_velocity_publisher/lib/python3.10/site-packages/ur5e_velocity_publisher-0.0.0-py3.10.egg-info
[0.603s] running install_scripts
[0.614s] Installing play_velocities script to /home/kishore/ur5e_velocity_ws/install/ur5e_velocity_publisher/lib/ur5e_velocity_publisher
[0.614s] writing list of installed files to '/home/kishore/ur5e_velocity_ws/build/ur5e_velocity_publisher/install.log'
[0.628s] Invoked command in '/home/kishore/ur5e_velocity_ws/src/ur5e_velocity_publisher' returned '0': CONDA_PROMPT_MODIFIER=(base) PYTHONPATH=/home/kishore/ur5e_velocity_ws/build/ur5e_velocity_publisher/prefix_override:/home/kishore/.local/lib/python3.10/site-packages/colcon_core/task/python/colcon_distutils_commands:/home/kishore/ur5e_velocity_ws/install/ur5e_velocity_publisher/lib/python3.10/site-packages:${PYTHONPATH} /usr/bin/python3 -W ignore:setup.py install is deprecated setup.py egg_info --egg-base ../../build/ur5e_velocity_publisher build --build-base /home/kishore/ur5e_velocity_ws/build/ur5e_velocity_publisher/build install --record /home/kishore/ur5e_velocity_ws/build/ur5e_velocity_publisher/install.log --single-version-externally-managed install_data
